<?xml version="1.0" encoding="UTF-8"?>
<testsuite name="BitmapUtilTest" tests="2" skipped="0" failures="0" errors="0" timestamp="2021-07-07T01:00:42" hostname="promethus.local" time="0.004">
  <properties/>
  <testcase name="testDecodeBitmap" classname="BitmapUtilTest" time="0.003"/>
  <testcase name="testEncodeBitmap" classname="BitmapUtilTest" time="0.001"/>
  <system-out><![CDATA[]]></system-out>
  <system-err><![CDATA[]]></system-err>
</testsuite>
