<?xml version="1.0" encoding="UTF-8"?>
<testsuite name="CardTransactionAuthorizationTest" tests="3" skipped="0" failures="0" errors="0" timestamp="2021-07-07T01:00:42" hostname="promethus.local" time="0.138">
  <properties/>
  <testcase name="testDERecord" classname="CardTransactionAuthorizationTest" time="0.131"/>
  <testcase name="testERRecord" classname="CardTransactionAuthorizationTest" time="0.002"/>
  <testcase name="testOkRecord" classname="CardTransactionAuthorizationTest" time="0.003"/>
  <system-out><![CDATA[pan: 4012888888881881
balance: 89000
pan: 4111111111111111
balance: 99000
]]></system-out>
  <system-err><![CDATA[]]></system-err>
</testsuite>
