<?xml version="1.0" encoding="UTF-8"?>
<testsuite name="RecordValidatorTest" tests="8" skipped="0" failures="0" errors="0" timestamp="2021-07-07T01:00:42" hostname="promethus.local" time="0.087">
  <properties/>
  <testcase name="testInvalidTransAmountWithZip" classname="RecordValidatorTest" time="0.023"/>
  <testcase name="testInvalidDate" classname="RecordValidatorTest" time="0.052"/>
  <testcase name="testRequiredFieldsPresentInvalid" classname="RecordValidatorTest" time="0.0"/>
  <testcase name="testInvalidTransAmountWithoutZip" classname="RecordValidatorTest" time="0.0"/>
  <testcase name="testValidDate" classname="RecordValidatorTest" time="0.001"/>
  <testcase name="testValidTransAmountWithoutZip" classname="RecordValidatorTest" time="0.001"/>
  <testcase name="testValidTransAmountWithZip" classname="RecordValidatorTest" time="0.0"/>
  <testcase name="testRequiredFieldsPresentValid" classname="RecordValidatorTest" time="0.0"/>
  <system-out><![CDATA[]]></system-out>
  <system-err><![CDATA[]]></system-err>
</testsuite>
