<?xml version="1.0" encoding="UTF-8"?>
<testsuite name="BitmapUtilTest" tests="2" skipped="0" failures="0" errors="0" timestamp="2021-06-19T06:48:35" hostname="promethus" time="0.001">
  <properties/>
  <testcase name="testDecodeBitmap" classname="BitmapUtilTest" time="0.001"/>
  <testcase name="testEncodeBitmap" classname="BitmapUtilTest" time="0.0"/>
  <system-out><![CDATA[]]></system-out>
  <system-err><![CDATA[]]></system-err>
</testsuite>
